<?xml version="1.0" encoding="UTF-8"?>
<coverage generated="1658754310734" clover="3.2.0">
  <project timestamp="1658754310734" name="All files">
    <metrics statements="33" coveredstatements="33" conditionals="6" coveredconditionals="6" methods="10" coveredmethods="10" elements="49" coveredelements="49" complexity="0" loc="33" ncloc="33" packages="1" files="4" classes="4"/>
    <file name="calculator.js" path="C:\Users\Julius\Documents\The-Odin-Project\Testing Practice\calculator.js">
      <metrics statements="6" coveredstatements="6" conditionals="0" coveredconditionals="0" methods="5" coveredmethods="5"/>
      <line num="2" count="1" type="stmt"/>
      <line num="4" count="1" type="stmt"/>
      <line num="7" count="1" type="stmt"/>
      <line num="10" count="1" type="stmt"/>
      <line num="13" count="1" type="stmt"/>
      <line num="18" count="1" type="stmt"/>
    </file>
    <file name="capitalize.js" path="C:\Users\Julius\Documents\The-Odin-Project\Testing Practice\capitalize.js">
      <metrics statements="4" coveredstatements="4" conditionals="0" coveredconditionals="0" methods="1" coveredmethods="1"/>
      <line num="2" count="1" type="stmt"/>
      <line num="3" count="1" type="stmt"/>
      <line num="4" count="1" type="stmt"/>
      <line num="7" count="1" type="stmt"/>
    </file>
    <file name="ceasarCipher.js" path="C:\Users\Julius\Documents\The-Odin-Project\Testing Practice\ceasarCipher.js">
      <metrics statements="17" coveredstatements="17" conditionals="6" coveredconditionals="6" methods="3" coveredmethods="3"/>
      <line num="1" count="1" type="stmt"/>
      <line num="4" count="3" type="stmt"/>
      <line num="5" count="3" type="stmt"/>
      <line num="6" count="3" type="stmt"/>
      <line num="7" count="71" type="cond" truecount="2" falsecount="0"/>
      <line num="8" count="19" type="stmt"/>
      <line num="11" count="71" type="stmt"/>
      <line num="12" count="1846" type="cond" truecount="2" falsecount="0"/>
      <line num="13" count="52" type="stmt"/>
      <line num="14" count="52" type="cond" truecount="2" falsecount="0"/>
      <line num="15" count="5" type="stmt"/>
      <line num="17" count="47" type="stmt"/>
      <line num="22" count="3" type="stmt"/>
      <line num="26" count="52" type="stmt"/>
      <line num="27" count="52" type="stmt"/>
      <line num="31" count="71" type="stmt"/>
      <line num="34" count="1" type="stmt"/>
    </file>
    <file name="reverseString.js" path="C:\Users\Julius\Documents\The-Odin-Project\Testing Practice\reverseString.js">
      <metrics statements="6" coveredstatements="6" conditionals="0" coveredconditionals="0" methods="1" coveredmethods="1"/>
      <line num="2" count="1" type="stmt"/>
      <line num="3" count="1" type="stmt"/>
      <line num="4" count="1" type="stmt"/>
      <line num="5" count="6" type="stmt"/>
      <line num="7" count="1" type="stmt"/>
      <line num="10" count="1" type="stmt"/>
    </file>
  </project>
</coverage>
