<?xml version="1.0" encoding="UTF-8"?>
<coverage generated="1658756460263" clover="3.2.0">
  <project timestamp="1658756460264" name="All files">
    <metrics statements="36" coveredstatements="36" conditionals="6" coveredconditionals="6" methods="12" coveredmethods="12" elements="54" coveredelements="54" complexity="0" loc="36" ncloc="36" packages="1" files="5" classes="5"/>
    <file name="analyzeArray.js" path="C:\Users\Julius\Documents\The-Odin-Project\testing-practice\analyzeArray.js">
      <metrics statements="3" coveredstatements="3" conditionals="0" coveredconditionals="0" methods="2" coveredmethods="2"/>
      <line num="2" count="1" type="stmt"/>
      <line num="3" count="5" type="stmt"/>
      <line num="11" count="1" type="stmt"/>
    </file>
    <file name="calculator.js" path="C:\Users\Julius\Documents\The-Odin-Project\testing-practice\calculator.js">
      <metrics statements="6" coveredstatements="6" conditionals="0" coveredconditionals="0" methods="5" coveredmethods="5"/>
      <line num="2" count="1" type="stmt"/>
      <line num="4" count="1" type="stmt"/>
      <line num="7" count="1" type="stmt"/>
      <line num="10" count="1" type="stmt"/>
      <line num="13" count="1" type="stmt"/>
      <line num="18" count="1" type="stmt"/>
    </file>
    <file name="capitalize.js" path="C:\Users\Julius\Documents\The-Odin-Project\testing-practice\capitalize.js">
      <metrics statements="4" coveredstatements="4" conditionals="0" coveredconditionals="0" methods="1" coveredmethods="1"/>
      <line num="2" count="1" type="stmt"/>
      <line num="3" count="1" type="stmt"/>
      <line num="4" count="1" type="stmt"/>
      <line num="7" count="1" type="stmt"/>
    </file>
    <file name="ceasarCipher.js" path="C:\Users\Julius\Documents\The-Odin-Project\testing-practice\ceasarCipher.js">
      <metrics statements="17" coveredstatements="17" conditionals="6" coveredconditionals="6" methods="3" coveredmethods="3"/>
      <line num="1" count="1" type="stmt"/>
      <line num="4" count="3" type="stmt"/>
      <line num="5" count="3" type="stmt"/>
      <line num="6" count="3" type="stmt"/>
      <line num="7" count="71" type="cond" truecount="2" falsecount="0"/>
      <line num="8" count="19" type="stmt"/>
      <line num="11" count="71" type="stmt"/>
      <line num="12" count="1846" type="cond" truecount="2" falsecount="0"/>
      <line num="13" count="52" type="stmt"/>
      <line num="14" count="52" type="cond" truecount="2" falsecount="0"/>
      <line num="15" count="5" type="stmt"/>
      <line num="17" count="47" type="stmt"/>
      <line num="22" count="3" type="stmt"/>
      <line num="26" count="52" type="stmt"/>
      <line num="27" count="52" type="stmt"/>
      <line num="31" count="71" type="stmt"/>
      <line num="34" count="1" type="stmt"/>
    </file>
    <file name="reverseString.js" path="C:\Users\Julius\Documents\The-Odin-Project\testing-practice\reverseString.js">
      <metrics statements="6" coveredstatements="6" conditionals="0" coveredconditionals="0" methods="1" coveredmethods="1"/>
      <line num="2" count="1" type="stmt"/>
      <line num="3" count="1" type="stmt"/>
      <line num="4" count="1" type="stmt"/>
      <line num="5" count="6" type="stmt"/>
      <line num="7" count="1" type="stmt"/>
      <line num="10" count="1" type="stmt"/>
    </file>
  </project>
</coverage>
