{"C:\\Users\\Julius\\Documents\\The-Odin-Project\\Testing Practice\\calculator.js": {"path":"C:\\Users\\Julius\\Documents\\The-Odin-Project\\Testing Practice\\calculator.js","statementMap":{"0":{"start":{"line":2,"column":4},"end":{"line":15,"column":5}},"1":{"start":{"line":4,"column":12},"end":{"line":4,"column":31}},"2":{"start":{"line":7,"column":12},"end":{"line":7,"column":31}},"3":{"start":{"line":10,"column":12},"end":{"line":10,"column":31}},"4":{"start":{"line":13,"column":12},"end":{"line":13,"column":31}},"5":{"start":{"line":18,"column":0},"end":{"line":18,"column":34}}},"fnMap":{"0":{"name":"createCalculator","decl":{"start":{"line":1,"column":9},"end":{"line":1,"column":25}},"loc":{"start":{"line":1,"column":27},"end":{"line":16,"column":1}},"line":1},"1":{"name":"(anonymous_1)","decl":{"start":{"line":3,"column":13},"end":{"line":3,"column":14}},"loc":{"start":{"line":3,"column":33},"end":{"line":5,"column":9}},"line":3},"2":{"name":"(anonymous_2)","decl":{"start":{"line":6,"column":18},"end":{"line":6,"column":19}},"loc":{"start":{"line":6,"column":38},"end":{"line":8,"column":9}},"line":6},"3":{"name":"(anonymous_3)","decl":{"start":{"line":9,"column":18},"end":{"line":9,"column":19}},"loc":{"start":{"line":9,"column":38},"end":{"line":11,"column":9}},"line":9},"4":{"name":"(anonymous_4)","decl":{"start":{"line":12,"column":16},"end":{"line":12,"column":17}},"loc":{"start":{"line":12,"column":36},"end":{"line":14,"column":9}},"line":12}},"branchMap":{},"s":{"0":1,"1":1,"2":1,"3":1,"4":1,"5":1},"f":{"0":1,"1":1,"2":1,"3":1,"4":1},"b":{},"_coverageSchema":"1a1c01bbd47fc00a2c39e90264f33305004495a9","hash":"ca3509e5c5f5e6c5052523fe42f2c38f89fc5c93"}
,"C:\\Users\\Julius\\Documents\\The-Odin-Project\\Testing Practice\\capitalize.js": {"path":"C:\\Users\\Julius\\Documents\\The-Odin-Project\\Testing Practice\\capitalize.js","statementMap":{"0":{"start":{"line":2,"column":20},"end":{"line":2,"column":33}},"1":{"start":{"line":3,"column":29},"end":{"line":3,"column":38}},"2":{"start":{"line":4,"column":4},"end":{"line":4,"column":57}},"3":{"start":{"line":7,"column":0},"end":{"line":7,"column":28}}},"fnMap":{"0":{"name":"capitalize","decl":{"start":{"line":1,"column":9},"end":{"line":1,"column":19}},"loc":{"start":{"line":1,"column":24},"end":{"line":5,"column":1}},"line":1}},"branchMap":{},"s":{"0":1,"1":1,"2":1,"3":1},"f":{"0":1},"b":{},"_coverageSchema":"1a1c01bbd47fc00a2c39e90264f33305004495a9","hash":"b44268eb65356cebe495b4dd0c9e00b509a1c929"}
,"C:\\Users\\Julius\\Documents\\The-Odin-Project\\Testing Practice\\ceasarCipher.js": {"path":"C:\\Users\\Julius\\Documents\\The-Odin-Project\\Testing Practice\\ceasarCipher.js","statementMap":{"0":{"start":{"line":1,"column":17},"end":{"line":1,"column":122}},"1":{"start":{"line":4,"column":23},"end":{"line":4,"column":25}},"2":{"start":{"line":5,"column":22},"end":{"line":5,"column":36}},"3":{"start":{"line":6,"column":4},"end":{"line":21,"column":5}},"4":{"start":{"line":6,"column":15},"end":{"line":6,"column":16}},"5":{"start":{"line":7,"column":8},"end":{"line":9,"column":13}},"6":{"start":{"line":8,"column":16},"end":{"line":8,"column":59}},"7":{"start":{"line":11,"column":8},"end":{"line":20,"column":9}},"8":{"start":{"line":11,"column":19},"end":{"line":11,"column":20}},"9":{"start":{"line":12,"column":12},"end":{"line":19,"column":13}},"10":{"start":{"line":13,"column":16},"end":{"line":13,"column":33}},"11":{"start":{"line":14,"column":16},"end":{"line":18,"column":17}},"12":{"start":{"line":15,"column":20},"end":{"line":15,"column":98}},"13":{"start":{"line":17,"column":20},"end":{"line":17,"column":84}},"14":{"start":{"line":22,"column":4},"end":{"line":22,"column":24}},"15":{"start":{"line":26,"column":19},"end":{"line":26,"column":39}},"16":{"start":{"line":27,"column":4},"end":{"line":27,"column":32}},"17":{"start":{"line":31,"column":4},"end":{"line":31,"column":53}},"18":{"start":{"line":34,"column":0},"end":{"line":34,"column":30}}},"fnMap":{"0":{"name":"ceasarCipher","decl":{"start":{"line":2,"column":9},"end":{"line":2,"column":21}},"loc":{"start":{"line":2,"column":34},"end":{"line":23,"column":1}},"line":2},"1":{"name":"returnChipered","decl":{"start":{"line":25,"column":9},"end":{"line":25,"column":23}},"loc":{"start":{"line":25,"column":37},"end":{"line":28,"column":1}},"line":25},"2":{"name":"checkIfSpecialChar","decl":{"start":{"line":30,"column":9},"end":{"line":30,"column":27}},"loc":{"start":{"line":30,"column":33},"end":{"line":32,"column":1}},"line":30}},"branchMap":{"0":{"loc":{"start":{"line":7,"column":8},"end":{"line":9,"column":13}},"type":"if","locations":[{"start":{"line":7,"column":8},"end":{"line":9,"column":13}},{"start":{},"end":{}}],"line":7},"1":{"loc":{"start":{"line":12,"column":12},"end":{"line":19,"column":13}},"type":"if","locations":[{"start":{"line":12,"column":12},"end":{"line":19,"column":13}},{"start":{},"end":{}}],"line":12},"2":{"loc":{"start":{"line":14,"column":16},"end":{"line":18,"column":17}},"type":"if","locations":[{"start":{"line":14,"column":16},"end":{"line":18,"column":17}},{"start":{"line":16,"column":23},"end":{"line":18,"column":17}}],"line":14}},"s":{"0":1,"1":3,"2":3,"3":3,"4":3,"5":71,"6":19,"7":71,"8":71,"9":1846,"10":52,"11":52,"12":5,"13":47,"14":3,"15":52,"16":52,"17":71,"18":1},"f":{"0":3,"1":52,"2":71},"b":{"0":[19,52],"1":[52,1794],"2":[5,47]},"_coverageSchema":"1a1c01bbd47fc00a2c39e90264f33305004495a9","hash":"d7fdac6542a5e5448f0bbb61eedf17b9fec90b88"}
,"C:\\Users\\Julius\\Documents\\The-Odin-Project\\Testing Practice\\reverseString.js": {"path":"C:\\Users\\Julius\\Documents\\The-Odin-Project\\Testing Practice\\reverseString.js","statementMap":{"0":{"start":{"line":2,"column":20},"end":{"line":2,"column":33}},"1":{"start":{"line":3,"column":17},"end":{"line":3,"column":19}},"2":{"start":{"line":4,"column":4},"end":{"line":6,"column":5}},"3":{"start":{"line":4,"column":14},"end":{"line":4,"column":32}},"4":{"start":{"line":5,"column":8},"end":{"line":5,"column":39}},"5":{"start":{"line":7,"column":4},"end":{"line":7,"column":18}},"6":{"start":{"line":10,"column":0},"end":{"line":10,"column":31}}},"fnMap":{"0":{"name":"reverseString","decl":{"start":{"line":1,"column":9},"end":{"line":1,"column":22}},"loc":{"start":{"line":1,"column":27},"end":{"line":8,"column":1}},"line":1}},"branchMap":{},"s":{"0":1,"1":1,"2":1,"3":1,"4":6,"5":1,"6":1},"f":{"0":1},"b":{},"_coverageSchema":"1a1c01bbd47fc00a2c39e90264f33305004495a9","hash":"ec7bb1d44ea7dd868faef68445cdd0713ed6b554"}
}
