TN:
SF:analyzeArray.js
FN:1,analyzeArray
FN:3,(anonymous_1)
FNF:2
FNH:2
FNDA:1,analyzeArray
FNDA:5,(anonymous_1)
DA:2,1
DA:3,5
DA:11,1
LF:3
LH:3
BRF:0
BRH:0
end_of_record
TN:
SF:calculator.js
FN:1,createCalculator
FN:3,(anonymous_1)
FN:6,(anonymous_2)
FN:9,(anonymous_3)
FN:12,(anonymous_4)
FNF:5
FNH:5
FNDA:1,createCalculator
FNDA:1,(anonymous_1)
FNDA:1,(anonymous_2)
FNDA:1,(anonymous_3)
FNDA:1,(anonymous_4)
DA:2,1
DA:4,1
DA:7,1
DA:10,1
DA:13,1
DA:18,1
LF:6
LH:6
BRF:0
BRH:0
end_of_record
TN:
SF:capitalize.js
FN:1,capitalize
FNF:1
FNH:1
FNDA:1,capitalize
DA:2,1
DA:3,1
DA:4,1
DA:7,1
LF:4
LH:4
BRF:0
BRH:0
end_of_record
TN:
SF:ceasarCipher.js
FN:2,ceasarCipher
FN:25,returnChipered
FN:30,checkIfSpecialChar
FNF:3
FNH:3
FNDA:3,ceasarCipher
FNDA:52,returnChipered
FNDA:71,checkIfSpecialChar
DA:1,1
DA:4,3
DA:5,3
DA:6,3
DA:7,71
DA:8,19
DA:11,71
DA:12,1846
DA:13,52
DA:14,52
DA:15,5
DA:17,47
DA:22,3
DA:26,52
DA:27,52
DA:31,71
DA:34,1
LF:17
LH:17
BRDA:7,0,0,19
BRDA:7,0,1,52
BRDA:12,1,0,52
BRDA:12,1,1,1794
BRDA:14,2,0,5
BRDA:14,2,1,47
BRF:6
BRH:6
end_of_record
TN:
SF:reverseString.js
FN:1,reverseString
FNF:1
FNH:1
FNDA:1,reverseString
DA:2,1
DA:3,1
DA:4,1
DA:5,6
DA:7,1
DA:10,1
LF:6
LH:6
BRF:0
BRH:0
end_of_record
